Current Time : 2025.05.07-10.24.56
SPARK_CONF_DIR: /home/xb56574/is789sp25_user/project/spark-job-21492335-4-nodes-2025.05.07-10.24.56/spark-conf
master:cnode002
nodes: cnode002
cnode003
cnode004
cnode006
element1:cnode002
element1:cnode003
element1:cnode004
element1:cnode006
slaves: cnode003
cnode004
cnode006
MemTotal: 394696260 kB MemFree: 299125320 kB MemAvailable: 375999548 kB Cached: 76868404 kB SwapCached: 51504 kB SwapTotal: 12582908 kB SwapFree: 7173028 kB
core file size (blocks, -c) 0 data seg size (kbytes, -d) unlimited scheduling priority (-e) 0 file size (blocks, -f) unlimited pending signals (-i) 1541638 max locked memory (kbytes, -l) unlimited max memory size (kbytes, -m) 18432000 open files (-n) 131072 pipe size (512 bytes, -p) 8 POSIX message queues (bytes, -q) 819200 real-time priority (-r) 0 stack size (kbytes, -s) unlimited cpu time (seconds, -t) unlimited max user processes (-u) 4096 virtual memory (kbytes, -v) unlimited file locks (-x) unlimited
cnode004: stopping org.apache.spark.deploy.worker.Worker
cnode006: stopping org.apache.spark.deploy.worker.Worker
cnode003: no org.apache.spark.deploy.worker.Worker to stop
no org.apache.spark.deploy.master.Master to stop
